Arguments: 
  /usr/local/share/nvm/versions/node/v20.12.1/bin/node /usr/share/yarn/bin/yarn.js install

PATH: 
  /opt/git/bin:/usr/local/rvm/gems/ruby-3.2.3/bin:/usr/local/rvm/gems/ruby-3.2.3@global/bin:/usr/local/rvm/rubies/ruby-3.2.3/bin:/vscode/1.89.1.24130/bin/remote-cli:/opt/conda/condabin:/home/codespace/.dotnet:/home/codespace/nvm/current/bin:/home/codespace/.php/current/bin:/home/codespace/.python/current/bin:/home/codespace/java/current/bin:/home/codespace/.ruby/current/bin:/home/codespace/.local/bin:/usr/local/python/current/bin:/usr/local/py-utils/bin:/usr/local/oryx:/usr/local/go/bin:/go/bin:/usr/local/sdkman/bin:/usr/local/sdkman/candidates/java/current/bin:/usr/local/sdkman/candidates/gradle/current/bin:/usr/local/sdkman/candidates/maven/current/bin:/usr/local/sdkman/candidates/ant/current/bin:/usr/local/rvm/gems/default/bin:/usr/local/rvm/gems/default@global/bin:/usr/local/rvm/rubies/default/bin:/usr/local/share/rbenv/bin:/usr/local/php/current/bin:/opt/conda/bin:/usr/local/nvs:/usr/local/share/nvm/versions/node/v20.12.1/bin:/usr/local/hugo/bin:/usr/local/sbin:/usr/local/bin:/usr/sbin:/usr/bin:/sbin:/bin:/usr/share/dotnet:/root/.dotnet/tools:/usr/local/rvm/bin:/root/.local/bin

Yarn version: 
  1.22.19

Node version: 
  20.12.1

Platform: 
  linux x64

Trace: 
  Error: ENOENT: no such file or directory, copyfile '/root/.cache/yarn/v6/npm-supports-color-8.1.1-cd6fc17e28500cff56c1b86c0a7fd4a54a73005c-integrity/node_modules/supports-color/browser.js' -> '/project/workspace/node_modules/eslint-webpack-plugin/node_modules/supports-color/browser.js'

npm manifest: 
  {
    "name": "react",
    "version": "1.0.0",
    "description": "",
    "keywords": [],
    "main": "src/index.tsx",
    "dependencies": {
      "@babel/core": "^7.16.0",
      "@pmmmwh/react-refresh-webpack-plugin": "^0.5.3",
      "@svgr/webpack": "^5.5.0",
      "babel-jest": "^27.4.2",
      "babel-loader": "^8.2.3",
      "babel-plugin-named-asset-import": "^0.3.8",
      "babel-preset-react-app": "^10.0.1",
      "bfj": "^7.0.2",
      "browserslist": "^4.18.1",
      "camelcase": "^6.2.1",
      "case-sensitive-paths-webpack-plugin": "^2.4.0",
      "css-loader": "^6.5.1",
      "css-minimizer-webpack-plugin": "^3.2.0",
      "dotenv": "^10.0.0",
      "dotenv-expand": "^5.1.0",
      "eslint": "^8.3.0",
      "eslint-config-react-app": "^7.0.1",
      "eslint-webpack-plugin": "^3.1.1",
      "file-loader": "^6.2.0",
      "fs-extra": "^10.0.0",
      "html-webpack-plugin": "^5.5.0",
      "identity-obj-proxy": "^3.0.0",
      "jest": "^27.4.3",
      "jest-resolve": "^27.4.2",
      "jest-watch-typeahead": "^1.0.0",
      "mini-css-extract-plugin": "^2.4.5",
      "postcss": "^8.4.4",
      "postcss-flexbugs-fixes": "^5.0.2",
      "postcss-loader": "^6.2.1",
      "postcss-normalize": "^10.0.1",
      "postcss-preset-env": "^7.0.1",
      "prompts": "^2.4.2",
      "react": "^19.0.0",
      "react-app-polyfill": "^3.0.0",
      "react-dev-utils": "^12.0.1",
      "react-dom": "^19.0.0",
      "react-refresh": "^0.11.0",
      "resolve": "^1.20.0",
      "resolve-url-loader": "^4.0.0",
      "sass-loader": "^12.3.0",
      "semver": "^7.3.5",
      "source-map-loader": "^3.0.0",
      "style-loader": "^3.3.1",
      "tailwindcss": "^3.0.2",
      "terser-webpack-plugin": "^5.2.5",
      "webpack": "^5.64.4",
      "webpack-dev-server": "^4.6.0",
      "webpack-manifest-plugin": "^4.0.2",
      "workbox-webpack-plugin": "^6.4.1"
    },
    "devDependencies": {
      "@types/react": "19.0.0",
      "@types/react-dom": "19.0.0",
      "loader-utils": "3.2.1",
      "typescript": "5.7.2"
    },
    "scripts": {
      "start": "node scripts/start.js",
      "build": "node scripts/build.js",
      "test": "node scripts/test.js --env=jsdom"
    },
    "browserslist": [
      ">0.2%",
      "not dead",
      "not ie <= 11",
      "not op_mini all"
    ],
    "jest": {
      "roots": [
        "<rootDir>/src"
      ],
      "collectCoverageFrom": [
        "src/**/*.{js,jsx,ts,tsx}",
        "!src/**/*.d.ts"
      ],
      "setupFiles": [
        "react-app-polyfill/jsdom"
      ],
      "setupFilesAfterEnv": [],
      "testMatch": [
        "<rootDir>/src/**/__tests__/**/*.{js,jsx,ts,tsx}",
        "<rootDir>/src/**/*.{spec,test}.{js,jsx,ts,tsx}"
      ],
      "testEnvironment": "jsdom",
      "transform": {
        "^.+\\.(js|jsx|mjs|cjs|ts|tsx)$": "<rootDir>/config/jest/babelTransform.js",
        "^.+\\.css$": "<rootDir>/config/jest/cssTransform.js",
        "^(?!.*\\.(js|jsx|mjs|cjs|ts|tsx|css|json)$)": "<rootDir>/config/jest/fileTransform.js"
      },
      "transformIgnorePatterns": [
        "[/\\\\]node_modules[/\\\\].+\\.(js|jsx|mjs|cjs|ts|tsx)$",
        "^.+\\.module\\.(css|sass|scss)$"
      ],
      "modulePaths": [],
      "moduleNameMapper": {
        "^react-native$": "react-native-web",
        "^.+\\.module\\.(css|sass|scss)$": "identity-obj-proxy"
      },
      "moduleFileExtensions": [
        "web.js",
        "js",
        "web.ts",
        "ts",
        "web.tsx",
        "tsx",
        "json",
        "web.jsx",
        "jsx",
        "node"
      ],
      "watchPlugins": [
        "jest-watch-typeahead/filename",
        "jest-watch-typeahead/testname"
      ],
      "resetMocks": true
    },
    "babel": {
      "presets": [
        "react-app"
      ]
    },
    "eslintConfig": {
      "extends": "react-app"
    }
  }

yarn manifest: 
  No manifest

Lockfile: 
  No lockfile
